<?xml version="1.0" encoding="UTF-8"?>
<testng-results ignored="0" total="2" passed="2" failed="0" skipped="0">
  <reporter-output>
  </reporter-output>
  <suite started-at="2024-11-17T01:58:54 IST" name="Suite" finished-at="2024-11-17T01:59:34 IST" duration-ms="40134">
    <groups>
    </groups>
    <test started-at="2024-11-17T01:58:54 IST" name="Test" finished-at="2024-11-17T01:59:34 IST" duration-ms="40134">
      <class name="selenium.edge">
        <test-method signature="logintest()[pri:0, instance:selenium.edge@9353778]" started-at="2024-11-17T01:58:54 IST" name="logintest" finished-at="2024-11-17T01:59:17 IST" duration-ms="22512" status="PASS">
          <reporter-output>
          </reporter-output>
        </test-method> <!-- logintest -->
      </class> <!-- selenium.edge -->
      <class name="selenium.chrome">
        <test-method signature="logintest()[pri:0, instance:selenium.chrome@31d7b7bf]" started-at="2024-11-17T01:59:17 IST" name="logintest" finished-at="2024-11-17T01:59:34 IST" duration-ms="17572" status="PASS">
          <reporter-output>
          </reporter-output>
        </test-method> <!-- logintest -->
      </class> <!-- selenium.chrome -->
    </test> <!-- Test -->
  </suite> <!-- Suite -->
</testng-results>
