<?xml version="1.0" encoding="UTF-8"?>
<testng-results ignored="0" total="3" passed="3" failed="0" skipped="0">
  <reporter-output>
  </reporter-output>
  <suite started-at="2024-11-17T03:25:04 IST" name="Suite" finished-at="2024-11-17T03:25:51 IST" duration-ms="47074">
    <groups>
    </groups>
    <test started-at="2024-11-17T03:25:04 IST" name="Test" finished-at="2024-11-17T03:25:51 IST" duration-ms="47074">
      <class name="selenium.edge">
        <test-method signature="logintest()[pri:0, instance:selenium.edge@31c88ec8]" started-at="2024-11-17T03:25:04 IST" name="logintest" finished-at="2024-11-17T03:25:26 IST" duration-ms="22142" status="PASS">
          <reporter-output>
          </reporter-output>
        </test-method> <!-- logintest -->
      </class> <!-- selenium.edge -->
      <class name="selenium.firefox">
        <test-method signature="test()[pri:0, instance:selenium.firefox@16ec5519]" started-at="2024-11-17T03:25:44 IST" name="test" finished-at="2024-11-17T03:25:51 IST" duration-ms="7167" status="PASS">
          <reporter-output>
          </reporter-output>
        </test-method> <!-- test -->
      </class> <!-- selenium.firefox -->
      <class name="selenium.chrome">
        <test-method signature="logintest()[pri:0, instance:selenium.chrome@50eac852]" started-at="2024-11-17T03:25:26 IST" name="logintest" finished-at="2024-11-17T03:25:44 IST" duration-ms="17723" status="PASS">
          <reporter-output>
          </reporter-output>
        </test-method> <!-- logintest -->
      </class> <!-- selenium.chrome -->
    </test> <!-- Test -->
  </suite> <!-- Suite -->
</testng-results>
